{"meta": {"format": 3, "version": "7.14.0", "timestamp": "2026-06-06T11:16:48.031644", "branch_coverage": false, "show_contexts": false}, "files": {"src\\c_linter\\__init__.py": {"executed_lines": [14, 15, 17], "summary": {"covered_lines": 3, "num_statements": 3, "percent_covered": 100.0, "percent_covered_display": "100", "missing_lines": 0, "excluded_lines": 0, "percent_statements_covered": 100.0, "percent_statements_covered_display": "100"}, "missing_lines": [], "excluded_lines": [], "functions": {"": {"executed_lines": [14, 15, 17], "summary": {"covered_lines": 3, "num_statements": 3, "percent_covered": 100.0, "percent_covered_display": "100", "missing_lines": 0, "excluded_lines": 0, "percent_statements_covered": 100.0, "percent_statements_covered_display": "100"}, "missing_lines": [], "excluded_lines": [], "start_line": 1}}, "classes": {"": {"executed_lines": [14, 15, 17], "summary": {"covered_lines": 3, "num_statements": 3, "percent_covered": 100.0, "percent_covered_display": "100", "missing_lines": 0, "excluded_lines": 0, "percent_statements_covered": 100.0, "percent_statements_covered_display": "100"}, "missing_lines": [], "excluded_lines": [], "start_line": 1}}}, "src\\c_linter\\__main__.py": {"executed_lines": [], "summary": {"covered_lines": 0, "num_statements": 0, "percent_covered": 100.0, "percent_covered_display": "100", "missing_lines": 0, "excluded_lines": 4, "percent_statements_covered": 100.0, "percent_statements_covered_display": "100"}, "missing_lines": [], "excluded_lines": [1, 3, 5, 6], "functions": {"": {"executed_lines": [], "summary": {"covered_lines": 0, "num_statements": 0, "percent_covered": 100.0, "percent_covered_display": "100", "missing_lines": 0, "excluded_lines": 4, "percent_statements_covered": 100.0, "percent_statements_covered_display": "100"}, "missing_lines": [], "excluded_lines": [1, 3, 5, 6], "start_line": 1}}, "classes": {"": {"executed_lines": [], "summary": {"covered_lines": 0, "num_statements": 0, "percent_covered": 100.0, "percent_covered_display": "100", "missing_lines": 0, "excluded_lines": 4, "percent_statements_covered": 100.0, "percent_statements_covered_display": "100"}, "missing_lines": [], "excluded_lines": [1, 3, 5, 6], "start_line": 1}}}, "src\\c_linter\\cli.py": {"executed_lines": [3, 4, 5, 6, 7, 9, 10, 14, 17, 19, 21, 22, 23, 24, 25, 26, 27, 28, 29, 30, 31, 32, 33, 35, 38, 40, 41, 42, 43, 46, 48, 50, 51, 52, 54, 55, 56, 57, 58, 60, 63, 64, 65, 67, 70, 72, 73, 74, 75, 76, 77, 78, 79, 80, 81, 82, 83, 84, 87, 89, 90, 91, 92, 93, 94, 95, 96, 97, 98, 99, 100, 103, 105, 107, 110, 113, 119, 125, 131, 138, 144, 150, 158, 165, 174, 180, 186, 192, 198, 204, 210, 216, 222, 229, 237, 239, 241, 243, 244, 245, 247, 249, 250, 254, 256, 257, 258, 260, 263, 264, 281, 282, 283, 301, 302, 303, 305, 307, 308, 309, 311, 312], "summary": {"covered_lines": 122, "num_statements": 124, "percent_covered": 98.38709677419355, "percent_covered_display": "98", "missing_lines": 2, "excluded_lines": 11, "percent_statements_covered": 98.38709677419355, "percent_statements_covered_display": "98"}, "missing_lines": [265, 266], "excluded_lines": [11, 12, 61, 66, 268, 273, 274, 279, 304, 315, 316], "functions": {"_load_config": {"executed_lines": [19, 21, 22, 23, 24, 25, 26, 27, 28, 29, 30, 31, 32, 33, 35], "summary": {"covered_lines": 15, "num_statements": 15, "percent_covered": 100.0, "percent_covered_display": "100", "missing_lines": 0, "excluded_lines": 0, "percent_statements_covered": 100.0, "percent_statements_covered_display": "100"}, "missing_lines": [], "excluded_lines": [], "start_line": 17}, "_find_compile_commands": {"executed_lines": [40, 41, 42, 43], "summary": {"covered_lines": 4, "num_statements": 4, "percent_covered": 100.0, "percent_covered_display": "100", "missing_lines": 0, "excluded_lines": 0, "percent_statements_covered": 100.0, "percent_statements_covered_display": "100"}, "missing_lines": [], "excluded_lines": [], "start_line": 38}, "_match_exclude": {"executed_lines": [48, 50, 51, 52, 54, 55, 56, 57, 58, 60, 63, 64, 65, 67], "summary": {"covered_lines": 14, "num_statements": 14, "percent_covered": 100.0, "percent_covered_display": "100", "missing_lines": 0, "excluded_lines": 2, "percent_statements_covered": 100.0, "percent_statements_covered_display": "100"}, "missing_lines": [], "excluded_lines": [61, 66], "start_line": 46}, "_gather_files": {"executed_lines": [72, 73, 74, 75, 76, 77, 78, 79, 80, 81, 82, 83, 84], "summary": {"covered_lines": 13, "num_statements": 13, "percent_covered": 100.0, "percent_covered_display": "100", "missing_lines": 0, "excluded_lines": 0, "percent_statements_covered": 100.0, "percent_statements_covered_display": "100"}, "missing_lines": [], "excluded_lines": [], "start_line": 70}, "_gather_include_dirs": {"executed_lines": [89, 90, 91, 92, 93, 94, 95, 96, 97, 98, 99, 100], "summary": {"covered_lines": 12, "num_statements": 12, "percent_covered": 100.0, "percent_covered_display": "100", "missing_lines": 0, "excluded_lines": 0, "percent_statements_covered": 100.0, "percent_statements_covered_display": "100"}, "missing_lines": [], "excluded_lines": [], "start_line": 87}, "main": {"executed_lines": [105, 107, 110, 113, 119, 125, 131, 138, 144, 150, 158, 165, 174, 180, 186, 192, 198, 204, 210, 216, 222, 229, 237, 239, 241, 243, 244, 245, 247, 249, 250, 254, 256, 257, 258, 260, 263, 264, 281, 282, 283, 301, 302, 303, 305, 307, 308, 309, 311, 312], "summary": {"covered_lines": 50, "num_statements": 52, "percent_covered": 96.15384615384616, "percent_covered_display": "96", "missing_lines": 2, "excluded_lines": 5, "percent_statements_covered": 96.15384615384616, "percent_statements_covered_display": "96"}, "missing_lines": [265, 266], "excluded_lines": [268, 273, 274, 279, 304], "start_line": 103}, "": {"executed_lines": [3, 4, 5, 6, 7, 9, 10, 14, 17, 38, 46, 70, 87, 103], "summary": {"covered_lines": 14, "num_statements": 14, "percent_covered": 100.0, "percent_covered_display": "100", "missing_lines": 0, "excluded_lines": 4, "percent_statements_covered": 100.0, "percent_statements_covered_display": "100"}, "missing_lines": [], "excluded_lines": [11, 12, 315, 316], "start_line": 1}}, "classes": {"": {"executed_lines": [3, 4, 5, 6, 7, 9, 10, 14, 17, 19, 21, 22, 23, 24, 25, 26, 27, 28, 29, 30, 31, 32, 33, 35, 38, 40, 41, 42, 43, 46, 48, 50, 51, 52, 54, 55, 56, 57, 58, 60, 63, 64, 65, 67, 70, 72, 73, 74, 75, 76, 77, 78, 79, 80, 81, 82, 83, 84, 87, 89, 90, 91, 92, 93, 94, 95, 96, 97, 98, 99, 100, 103, 105, 107, 110, 113, 119, 125, 131, 138, 144, 150, 158, 165, 174, 180, 186, 192, 198, 204, 210, 216, 222, 229, 237, 239, 241, 243, 244, 245, 247, 249, 250, 254, 256, 257, 258, 260, 263, 264, 281, 282, 283, 301, 302, 303, 305, 307, 308, 309, 311, 312], "summary": {"covered_lines": 122, "num_statements": 124, "percent_covered": 98.38709677419355, "percent_covered_display": "98", "missing_lines": 2, "excluded_lines": 11, "percent_statements_covered": 98.38709677419355, "percent_statements_covered_display": "98"}, "missing_lines": [265, 266], "excluded_lines": [11, 12, 61, 66, 268, 273, 274, 279, 304, 315, 316], "start_line": 1}}}, "src\\c_linter\\linter.py": {"executed_lines": [3, 4, 5, 8, 18, 21, 30, 31, 32, 33, 34, 35, 36, 37, 38, 39, 40, 41, 49, 50, 51, 54, 72, 73, 74, 77, 90, 91, 92, 93, 95, 97, 98, 99, 100, 101, 102, 105, 106, 109, 110, 111, 113, 114, 115, 117, 127, 128, 136, 138, 141, 163, 166, 181, 183, 184, 187, 197, 198, 199, 201, 202, 203, 204, 205, 206, 207, 208, 209, 210, 212, 213, 214, 217, 227, 228, 229, 231, 232, 233, 234, 235, 236, 246, 293, 296, 320, 322, 325, 328, 329, 330, 334, 336, 363, 364, 365, 369, 370, 374, 383, 384, 385, 390, 391, 394, 399, 401, 403, 405, 406, 407, 410, 411, 412, 413, 414, 415, 417, 424, 426, 427, 430, 431, 432, 433, 434, 435, 436, 437, 438, 439, 440, 441, 442, 443, 445, 446, 450, 451, 461, 462, 468, 469, 470, 471, 480, 481, 494, 503, 512, 515, 516, 517, 518, 520, 534, 539, 540, 544, 545, 546, 547, 552, 559, 560, 561, 563, 572, 573, 574, 576, 577, 578, 579, 580, 581, 582, 583, 585, 586, 587, 590, 594, 595, 596, 597, 600, 605, 606, 607, 610, 611, 612, 614, 615, 616, 618, 619, 620, 621, 622, 623, 624, 625, 635, 644, 645, 647, 650, 652, 653, 654, 655, 657, 658, 659, 660, 661, 662, 664, 665, 666, 667, 668, 669, 670, 673, 674, 675, 677, 680, 682, 683, 684, 685, 686, 687, 688, 692, 695, 704, 705, 706, 707, 708, 709, 710, 711, 713, 717, 718, 724, 726, 727, 730, 768, 769, 770, 771, 773, 774, 775, 777, 778, 784, 786, 787, 788, 789, 790, 791, 793, 800, 801, 802, 803, 805, 806, 807, 808, 809, 810, 811, 812, 813, 815, 816, 817, 818, 819, 820, 821, 822, 823, 824, 826, 827, 829, 842, 843, 844, 848, 854, 864, 866, 867, 869, 870, 880, 918, 919, 920, 921, 923, 924, 925, 927, 928, 934, 936, 937, 938, 939, 940, 941, 943, 945, 952, 953, 954, 955, 957, 958, 959, 960, 961, 962, 963, 964, 965, 967, 973, 985, 988, 998, 1000, 1001, 1003, 1004], "summary": {"covered_lines": 350, "num_statements": 354, "percent_covered": 98.87005649717514, "percent_covered_display": "99", "missing_lines": 4, "excluded_lines": 17, "percent_statements_covered": 98.87005649717514, "percent_statements_covered_display": "99"}, "missing_lines": [103, 104, 416, 689], "excluded_lines": [331, 332, 366, 367, 386, 387, 423, 690, 691, 714, 715, 839, 840, 845, 846, 982, 983], "functions": {"_extract_clang_args": {"executed_lines": [30, 31, 32, 33, 34, 35, 36, 37, 38, 39, 40, 41, 49, 50, 51], "summary": {"covered_lines": 15, "num_statements": 15, "percent_covered": 100.0, "percent_covered_display": "100", "missing_lines": 0, "excluded_lines": 0, "percent_statements_covered": 100.0, "percent_statements_covered_display": "100"}, "missing_lines": [], "excluded_lines": [], "start_line": 21}, "_get_diagnostics": {"executed_lines": [72, 73, 74, 77, 90, 91, 92, 93, 95, 97, 98, 99, 100, 101, 102, 105, 106, 109, 110, 111, 113, 114, 115, 117, 127, 128, 136, 138], "summary": {"covered_lines": 28, "num_statements": 30, "percent_covered": 93.33333333333333, "percent_covered_display": "93", "missing_lines": 2, "excluded_lines": 0, "percent_statements_covered": 93.33333333333333, "percent_statements_covered_display": "93"}, "missing_lines": [103, 104], "excluded_lines": [], "start_line": 54}, "_get_guarded_lines": {"executed_lines": [197, 198, 199, 201, 202, 203, 204, 205, 206, 207, 208, 209, 210, 212, 213, 214], "summary": {"covered_lines": 16, "num_statements": 16, "percent_covered": 100.0, "percent_covered_display": "100", "missing_lines": 0, "excluded_lines": 0, "percent_statements_covered": 100.0, "percent_statements_covered_display": "100"}, "missing_lines": [], "excluded_lines": [], "start_line": 187}, "_check_windows_format_literals": {"executed_lines": [227, 228, 229, 231, 232, 233, 234, 235, 236], "summary": {"covered_lines": 9, "num_statements": 9, "percent_covered": 100.0, "percent_covered_display": "100", "missing_lines": 0, "excluded_lines": 0, "percent_statements_covered": 100.0, "percent_statements_covered_display": "100"}, "missing_lines": [], "excluded_lines": [], "start_line": 217}, "_analyze_ast": {"executed_lines": [320, 322, 325, 328, 329, 330, 334, 336, 363, 364, 365, 369, 370, 374, 383, 384, 385, 390, 391, 394, 399, 401, 403, 426, 427, 430, 431, 432, 433, 434, 435, 436, 437, 438, 439, 440, 441, 442, 443, 445, 446, 450, 451, 461, 462, 468, 469, 470, 471, 480, 481], "summary": {"covered_lines": 51, "num_statements": 51, "percent_covered": 100.0, "percent_covered_display": "100", "missing_lines": 0, "excluded_lines": 6, "percent_statements_covered": 100.0, "percent_statements_covered_display": "100"}, "missing_lines": [], "excluded_lines": [331, 332, 366, 367, 386, 387], "start_line": 296}, "_analyze_ast.check_ignored": {"executed_lines": [405, 406, 407, 410, 411, 412, 413, 414, 415, 417, 424], "summary": {"covered_lines": 11, "num_statements": 12, "percent_covered": 91.66666666666667, "percent_covered_display": "92", "missing_lines": 1, "excluded_lines": 1, "percent_statements_covered": 91.66666666666667, "percent_statements_covered_display": "92"}, "missing_lines": [416], "excluded_lines": [423], "start_line": 403}, "_check_allocations": {"executed_lines": [503, 520, 618, 619, 620, 621, 622, 623, 624, 625], "summary": {"covered_lines": 10, "num_statements": 10, "percent_covered": 100.0, "percent_covered_display": "100", "missing_lines": 0, "excluded_lines": 0, "percent_statements_covered": 100.0, "percent_statements_covered_display": "100"}, "missing_lines": [], "excluded_lines": [], "start_line": 494}, "_check_allocations.find_function_decls": {"executed_lines": [512, 515, 516, 517, 518], "summary": {"covered_lines": 5, "num_statements": 5, "percent_covered": 100.0, "percent_covered_display": "100", "missing_lines": 0, "excluded_lines": 0, "percent_statements_covered": 100.0, "percent_statements_covered_display": "100"}, "missing_lines": [], "excluded_lines": [], "start_line": 503}, "_check_allocations.walk_allocs_and_checks": {"executed_lines": [534, 539, 540, 544, 545, 546, 547, 552, 576, 577, 578, 579, 580, 581, 582, 583, 585, 586, 587, 590, 594, 595, 596, 597, 600, 605, 606, 607, 610, 611, 612, 614, 615, 616], "summary": {"covered_lines": 34, "num_statements": 34, "percent_covered": 100.0, "percent_covered_display": "100", "missing_lines": 0, "excluded_lines": 0, "percent_statements_covered": 100.0, "percent_statements_covered_display": "100"}, "missing_lines": [], "excluded_lines": [], "start_line": 520}, "_check_allocations.walk_allocs_and_checks.find_decl_refs": {"executed_lines": [559, 560, 561, 563, 572, 573, 574], "summary": {"covered_lines": 7, "num_statements": 7, "percent_covered": 100.0, "percent_covered_display": "100", "missing_lines": 0, "excluded_lines": 0, "percent_statements_covered": 100.0, "percent_statements_covered_display": "100"}, "missing_lines": [], "excluded_lines": [], "start_line": 552}, "_get_nolint_lines": {"executed_lines": [644, 645, 647, 650, 652, 653, 654, 655, 657, 658, 659, 660, 661, 662, 664, 665, 666, 667, 668, 669, 670, 673, 674, 675, 677], "summary": {"covered_lines": 25, "num_statements": 25, "percent_covered": 100.0, "percent_covered_display": "100", "missing_lines": 0, "excluded_lines": 0, "percent_statements_covered": 100.0, "percent_statements_covered_display": "100"}, "missing_lines": [], "excluded_lines": [], "start_line": 635}, "_get_issue_scope": {"executed_lines": [682, 683, 684, 685, 686, 687, 688, 692], "summary": {"covered_lines": 8, "num_statements": 9, "percent_covered": 88.88888888888889, "percent_covered_display": "89", "missing_lines": 1, "excluded_lines": 2, "percent_statements_covered": 88.88888888888889, "percent_statements_covered_display": "89"}, "missing_lines": [689], "excluded_lines": [690, 691], "start_line": 680}, "_filter_diagnostics": {"executed_lines": [704, 705, 706, 707, 708, 709, 710, 711, 713, 717, 718, 724, 726, 727], "summary": {"covered_lines": 14, "num_statements": 14, "percent_covered": 100.0, "percent_covered_display": "100", "missing_lines": 0, "excluded_lines": 2, "percent_statements_covered": 100.0, "percent_statements_covered_display": "100"}, "missing_lines": [], "excluded_lines": [714, 715], "start_line": 695}, "lint_file": {"executed_lines": [768, 769, 770, 771, 773, 774, 775, 777, 778, 784, 786, 787, 788, 789, 790, 791, 793, 800, 801, 802, 803, 805, 806, 807, 808, 809, 810, 811, 812, 813, 815, 816, 817, 818, 819, 820, 821, 822, 823, 824, 826, 827, 829, 842, 843, 844, 848, 854, 864, 866, 867, 869, 870], "summary": {"covered_lines": 53, "num_statements": 53, "percent_covered": 100.0, "percent_covered_display": "100", "missing_lines": 0, "excluded_lines": 4, "percent_statements_covered": 100.0, "percent_statements_covered_display": "100"}, "missing_lines": [], "excluded_lines": [839, 840, 845, 846], "start_line": 730}, "lint_code": {"executed_lines": [918, 919, 920, 921, 923, 924, 925, 927, 928, 934, 936, 937, 938, 939, 940, 941, 943, 945, 952, 953, 954, 955, 957, 958, 959, 960, 961, 962, 963, 964, 965, 967, 973, 985, 988, 998, 1000, 1001, 1003, 1004], "summary": {"covered_lines": 40, "num_statements": 40, "percent_covered": 100.0, "percent_covered_display": "100", "missing_lines": 0, "excluded_lines": 2, "percent_statements_covered": 100.0, "percent_statements_covered_display": "100"}, "missing_lines": [], "excluded_lines": [982, 983], "start_line": 880}, "": {"executed_lines": [3, 4, 5, 8, 18, 21, 54, 141, 163, 166, 181, 183, 184, 187, 217, 246, 293, 296, 494, 635, 680, 695, 730, 880], "summary": {"covered_lines": 24, "num_statements": 24, "percent_covered": 100.0, "percent_covered_display": "100", "missing_lines": 0, "excluded_lines": 0, "percent_statements_covered": 100.0, "percent_statements_covered_display": "100"}, "missing_lines": [], "excluded_lines": [], "start_line": 1}}, "classes": {"": {"executed_lines": [3, 4, 5, 8, 18, 21, 30, 31, 32, 33, 34, 35, 36, 37, 38, 39, 40, 41, 49, 50, 51, 54, 72, 73, 74, 77, 90, 91, 92, 93, 95, 97, 98, 99, 100, 101, 102, 105, 106, 109, 110, 111, 113, 114, 115, 117, 127, 128, 136, 138, 141, 163, 166, 181, 183, 184, 187, 197, 198, 199, 201, 202, 203, 204, 205, 206, 207, 208, 209, 210, 212, 213, 214, 217, 227, 228, 229, 231, 232, 233, 234, 235, 236, 246, 293, 296, 320, 322, 325, 328, 329, 330, 334, 336, 363, 364, 365, 369, 370, 374, 383, 384, 385, 390, 391, 394, 399, 401, 403, 405, 406, 407, 410, 411, 412, 413, 414, 415, 417, 424, 426, 427, 430, 431, 432, 433, 434, 435, 436, 437, 438, 439, 440, 441, 442, 443, 445, 446, 450, 451, 461, 462, 468, 469, 470, 471, 480, 481, 494, 503, 512, 515, 516, 517, 518, 520, 534, 539, 540, 544, 545, 546, 547, 552, 559, 560, 561, 563, 572, 573, 574, 576, 577, 578, 579, 580, 581, 582, 583, 585, 586, 587, 590, 594, 595, 596, 597, 600, 605, 606, 607, 610, 611, 612, 614, 615, 616, 618, 619, 620, 621, 622, 623, 624, 625, 635, 644, 645, 647, 650, 652, 653, 654, 655, 657, 658, 659, 660, 661, 662, 664, 665, 666, 667, 668, 669, 670, 673, 674, 675, 677, 680, 682, 683, 684, 685, 686, 687, 688, 692, 695, 704, 705, 706, 707, 708, 709, 710, 711, 713, 717, 718, 724, 726, 727, 730, 768, 769, 770, 771, 773, 774, 775, 777, 778, 784, 786, 787, 788, 789, 790, 791, 793, 800, 801, 802, 803, 805, 806, 807, 808, 809, 810, 811, 812, 813, 815, 816, 817, 818, 819, 820, 821, 822, 823, 824, 826, 827, 829, 842, 843, 844, 848, 854, 864, 866, 867, 869, 870, 880, 918, 919, 920, 921, 923, 924, 925, 927, 928, 934, 936, 937, 938, 939, 940, 941, 943, 945, 952, 953, 954, 955, 957, 958, 959, 960, 961, 962, 963, 964, 965, 967, 973, 985, 988, 998, 1000, 1001, 1003, 1004], "summary": {"covered_lines": 350, "num_statements": 354, "percent_covered": 98.87005649717514, "percent_covered_display": "99", "missing_lines": 4, "excluded_lines": 17, "percent_statements_covered": 98.87005649717514, "percent_statements_covered_display": "99"}, "missing_lines": [103, 104, 416, 689], "excluded_lines": [331, 332, 366, 367, 386, 387, 423, 690, 691, 714, 715, 839, 840, 845, 846, 982, 983], "start_line": 1}}}, "src\\c_linter\\models.py": {"executed_lines": [3, 6, 7, 17, 18, 19, 20, 22, 28], "summary": {"covered_lines": 9, "num_statements": 9, "percent_covered": 100.0, "percent_covered_display": "100", "missing_lines": 0, "excluded_lines": 0, "percent_statements_covered": 100.0, "percent_statements_covered_display": "100"}, "missing_lines": [], "excluded_lines": [], "functions": {"Issue.__str__": {"executed_lines": [28], "summary": {"covered_lines": 1, "num_statements": 1, "percent_covered": 100.0, "percent_covered_display": "100", "missing_lines": 0, "excluded_lines": 0, "percent_statements_covered": 100.0, "percent_statements_covered_display": "100"}, "missing_lines": [], "excluded_lines": [], "start_line": 22}, "": {"executed_lines": [3, 6, 7, 17, 18, 19, 20, 22], "summary": {"covered_lines": 8, "num_statements": 8, "percent_covered": 100.0, "percent_covered_display": "100", "missing_lines": 0, "excluded_lines": 0, "percent_statements_covered": 100.0, "percent_statements_covered_display": "100"}, "missing_lines": [], "excluded_lines": [], "start_line": 1}}, "classes": {"Issue": {"executed_lines": [28], "summary": {"covered_lines": 1, "num_statements": 1, "percent_covered": 100.0, "percent_covered_display": "100", "missing_lines": 0, "excluded_lines": 0, "percent_statements_covered": 100.0, "percent_statements_covered_display": "100"}, "missing_lines": [], "excluded_lines": [], "start_line": 7}, "": {"executed_lines": [3, 6, 7, 17, 18, 19, 20, 22], "summary": {"covered_lines": 8, "num_statements": 8, "percent_covered": 100.0, "percent_covered_display": "100", "missing_lines": 0, "excluded_lines": 0, "percent_statements_covered": 100.0, "percent_statements_covered_display": "100"}, "missing_lines": [], "excluded_lines": [], "start_line": 1}}}}, "totals": {"covered_lines": 484, "num_statements": 490, "percent_covered": 98.77551020408163, "percent_covered_display": "99", "missing_lines": 6, "excluded_lines": 32, "percent_statements_covered": 98.77551020408163, "percent_statements_covered_display": "99"}}