{"meta": {"format": 3, "version": "7.14.0", "timestamp": "2026-05-26T15:10:53.555697", "branch_coverage": false, "show_contexts": false}, "files": {"src\\c_linter\\__init__.py": {"executed_lines": [14, 15, 17], "summary": {"covered_lines": 3, "num_statements": 3, "percent_covered": 100.0, "percent_covered_display": "100", "missing_lines": 0, "excluded_lines": 0, "percent_statements_covered": 100.0, "percent_statements_covered_display": "100"}, "missing_lines": [], "excluded_lines": [], "functions": {"": {"executed_lines": [14, 15, 17], "summary": {"covered_lines": 3, "num_statements": 3, "percent_covered": 100.0, "percent_covered_display": "100", "missing_lines": 0, "excluded_lines": 0, "percent_statements_covered": 100.0, "percent_statements_covered_display": "100"}, "missing_lines": [], "excluded_lines": [], "start_line": 1}}, "classes": {"": {"executed_lines": [14, 15, 17], "summary": {"covered_lines": 3, "num_statements": 3, "percent_covered": 100.0, "percent_covered_display": "100", "missing_lines": 0, "excluded_lines": 0, "percent_statements_covered": 100.0, "percent_statements_covered_display": "100"}, "missing_lines": [], "excluded_lines": [], "start_line": 1}}}, "src\\c_linter\\cli.py": {"executed_lines": [3, 4, 5, 7, 10, 17, 20, 21, 26, 31, 33, 34, 35, 37, 39, 40, 41, 42, 43, 45, 48, 49, 50, 51, 52, 54, 55, 56, 58, 59], "summary": {"covered_lines": 30, "num_statements": 30, "percent_covered": 100.0, "percent_covered_display": "100", "missing_lines": 0, "excluded_lines": 2, "percent_statements_covered": 100.0, "percent_statements_covered_display": "100"}, "missing_lines": [], "excluded_lines": [62, 63], "functions": {"main": {"executed_lines": [17, 20, 21, 26, 31, 33, 34, 35, 37, 39, 40, 41, 42, 43, 45, 48, 49, 50, 51, 52, 54, 55, 56, 58, 59], "summary": {"covered_lines": 25, "num_statements": 25, "percent_covered": 100.0, "percent_covered_display": "100", "missing_lines": 0, "excluded_lines": 0, "percent_statements_covered": 100.0, "percent_statements_covered_display": "100"}, "missing_lines": [], "excluded_lines": [], "start_line": 10}, "": {"executed_lines": [3, 4, 5, 7, 10], "summary": {"covered_lines": 5, "num_statements": 5, "percent_covered": 100.0, "percent_covered_display": "100", "missing_lines": 0, "excluded_lines": 2, "percent_statements_covered": 100.0, "percent_statements_covered_display": "100"}, "missing_lines": [], "excluded_lines": [62, 63], "start_line": 1}}, "classes": {"": {"executed_lines": [3, 4, 5, 7, 10, 17, 20, 21, 26, 31, 33, 34, 35, 37, 39, 40, 41, 42, 43, 45, 48, 49, 50, 51, 52, 54, 55, 56, 58, 59], "summary": {"covered_lines": 30, "num_statements": 30, "percent_covered": 100.0, "percent_covered_display": "100", "missing_lines": 0, "excluded_lines": 2, "percent_statements_covered": 100.0, "percent_statements_covered_display": "100"}, "missing_lines": [], "excluded_lines": [62, 63], "start_line": 1}}}, "src\\c_linter\\linter.py": {"executed_lines": [3, 4, 5, 8, 10, 13, 22, 23, 24, 25, 33, 36, 58, 61, 76, 78, 79, 82, 92, 93, 94, 96, 97, 98, 99, 100, 101, 102, 103, 104, 105, 107, 108, 109, 112, 122, 123, 124, 128, 129, 130, 131, 132, 133, 143, 161, 164, 167, 168, 170, 178, 179, 180, 181, 185, 194, 196, 197, 201, 202, 210, 215, 216, 226, 227, 228, 229, 238, 239, 249, 258, 267, 270, 271, 272, 273, 275, 289, 294, 295, 299, 300, 301, 302, 307, 313, 314, 315, 316, 318, 319, 320, 321, 322, 325, 329, 330, 333, 334, 335, 336, 338, 339, 341, 342, 343, 344, 345, 346, 347, 357, 370, 371, 375, 377, 378, 379, 383, 389, 390, 392, 393, 395, 398, 415, 416, 422, 424, 427, 428, 430, 431, 433], "summary": {"covered_lines": 133, "num_statements": 133, "percent_covered": 100.0, "percent_covered_display": "100", "missing_lines": 0, "excluded_lines": 2, "percent_statements_covered": 100.0, "percent_statements_covered_display": "100"}, "missing_lines": [], "excluded_lines": [380, 381], "functions": {"_get_diagnostics": {"executed_lines": [22, 23, 24, 25, 33], "summary": {"covered_lines": 5, "num_statements": 5, "percent_covered": 100.0, "percent_covered_display": "100", "missing_lines": 0, "excluded_lines": 0, "percent_statements_covered": 100.0, "percent_statements_covered_display": "100"}, "missing_lines": [], "excluded_lines": [], "start_line": 13}, "_get_guarded_lines": {"executed_lines": [92, 93, 94, 96, 97, 98, 99, 100, 101, 102, 103, 104, 105, 107, 108, 109], "summary": {"covered_lines": 16, "num_statements": 16, "percent_covered": 100.0, "percent_covered_display": "100", "missing_lines": 0, "excluded_lines": 0, "percent_statements_covered": 100.0, "percent_statements_covered_display": "100"}, "missing_lines": [], "excluded_lines": [], "start_line": 82}, "_check_windows_format_literals": {"executed_lines": [122, 123, 124, 128, 129, 130, 131, 132, 133], "summary": {"covered_lines": 9, "num_statements": 9, "percent_covered": 100.0, "percent_covered_display": "100", "missing_lines": 0, "excluded_lines": 0, "percent_statements_covered": 100.0, "percent_statements_covered_display": "100"}, "missing_lines": [], "excluded_lines": [], "start_line": 112}, "_analyze_ast": {"executed_lines": [161, 164, 167, 168, 170, 178, 179, 180, 181, 185, 194, 196, 197, 201, 202, 210, 215, 216, 226, 227, 228, 229, 238, 239], "summary": {"covered_lines": 24, "num_statements": 24, "percent_covered": 100.0, "percent_covered_display": "100", "missing_lines": 0, "excluded_lines": 0, "percent_statements_covered": 100.0, "percent_statements_covered_display": "100"}, "missing_lines": [], "excluded_lines": [], "start_line": 143}, "_check_allocations": {"executed_lines": [258, 275, 341, 342, 343, 344, 345, 346, 347], "summary": {"covered_lines": 9, "num_statements": 9, "percent_covered": 100.0, "percent_covered_display": "100", "missing_lines": 0, "excluded_lines": 0, "percent_statements_covered": 100.0, "percent_statements_covered_display": "100"}, "missing_lines": [], "excluded_lines": [], "start_line": 249}, "_check_allocations.find_function_decls": {"executed_lines": [267, 270, 271, 272, 273], "summary": {"covered_lines": 5, "num_statements": 5, "percent_covered": 100.0, "percent_covered_display": "100", "missing_lines": 0, "excluded_lines": 0, "percent_statements_covered": 100.0, "percent_statements_covered_display": "100"}, "missing_lines": [], "excluded_lines": [], "start_line": 258}, "_check_allocations.walk_allocs_and_checks": {"executed_lines": [289, 294, 295, 299, 300, 301, 302, 307, 318, 319, 320, 321, 322, 325, 329, 330, 333, 334, 335, 336, 338, 339], "summary": {"covered_lines": 22, "num_statements": 22, "percent_covered": 100.0, "percent_covered_display": "100", "missing_lines": 0, "excluded_lines": 0, "percent_statements_covered": 100.0, "percent_statements_covered_display": "100"}, "missing_lines": [], "excluded_lines": [], "start_line": 275}, "_check_allocations.walk_allocs_and_checks.find_decl_refs": {"executed_lines": [313, 314, 315, 316], "summary": {"covered_lines": 4, "num_statements": 4, "percent_covered": 100.0, "percent_covered_display": "100", "missing_lines": 0, "excluded_lines": 0, "percent_statements_covered": 100.0, "percent_statements_covered_display": "100"}, "missing_lines": [], "excluded_lines": [], "start_line": 307}, "lint_file": {"executed_lines": [370, 371, 375, 377, 378, 379, 383, 389, 390, 392, 393, 395], "summary": {"covered_lines": 12, "num_statements": 12, "percent_covered": 100.0, "percent_covered_display": "100", "missing_lines": 0, "excluded_lines": 2, "percent_statements_covered": 100.0, "percent_statements_covered_display": "100"}, "missing_lines": [], "excluded_lines": [380, 381], "start_line": 357}, "lint_code": {"executed_lines": [415, 416, 422, 424, 427, 428, 430, 431, 433], "summary": {"covered_lines": 9, "num_statements": 9, "percent_covered": 100.0, "percent_covered_display": "100", "missing_lines": 0, "excluded_lines": 0, "percent_statements_covered": 100.0, "percent_statements_covered_display": "100"}, "missing_lines": [], "excluded_lines": [], "start_line": 398}, "": {"executed_lines": [3, 4, 5, 8, 10, 13, 36, 58, 61, 76, 78, 79, 82, 112, 143, 249, 357, 398], "summary": {"covered_lines": 18, "num_statements": 18, "percent_covered": 100.0, "percent_covered_display": "100", "missing_lines": 0, "excluded_lines": 0, "percent_statements_covered": 100.0, "percent_statements_covered_display": "100"}, "missing_lines": [], "excluded_lines": [], "start_line": 1}}, "classes": {"": {"executed_lines": [3, 4, 5, 8, 10, 13, 22, 23, 24, 25, 33, 36, 58, 61, 76, 78, 79, 82, 92, 93, 94, 96, 97, 98, 99, 100, 101, 102, 103, 104, 105, 107, 108, 109, 112, 122, 123, 124, 128, 129, 130, 131, 132, 133, 143, 161, 164, 167, 168, 170, 178, 179, 180, 181, 185, 194, 196, 197, 201, 202, 210, 215, 216, 226, 227, 228, 229, 238, 239, 249, 258, 267, 270, 271, 272, 273, 275, 289, 294, 295, 299, 300, 301, 302, 307, 313, 314, 315, 316, 318, 319, 320, 321, 322, 325, 329, 330, 333, 334, 335, 336, 338, 339, 341, 342, 343, 344, 345, 346, 347, 357, 370, 371, 375, 377, 378, 379, 383, 389, 390, 392, 393, 395, 398, 415, 416, 422, 424, 427, 428, 430, 431, 433], "summary": {"covered_lines": 133, "num_statements": 133, "percent_covered": 100.0, "percent_covered_display": "100", "missing_lines": 0, "excluded_lines": 2, "percent_statements_covered": 100.0, "percent_statements_covered_display": "100"}, "missing_lines": [], "excluded_lines": [380, 381], "start_line": 1}}}, "src\\c_linter\\models.py": {"executed_lines": [3, 6, 7, 17, 18, 19, 20, 22, 28], "summary": {"covered_lines": 9, "num_statements": 9, "percent_covered": 100.0, "percent_covered_display": "100", "missing_lines": 0, "excluded_lines": 0, "percent_statements_covered": 100.0, "percent_statements_covered_display": "100"}, "missing_lines": [], "excluded_lines": [], "functions": {"Issue.__str__": {"executed_lines": [28], "summary": {"covered_lines": 1, "num_statements": 1, "percent_covered": 100.0, "percent_covered_display": "100", "missing_lines": 0, "excluded_lines": 0, "percent_statements_covered": 100.0, "percent_statements_covered_display": "100"}, "missing_lines": [], "excluded_lines": [], "start_line": 22}, "": {"executed_lines": [3, 6, 7, 17, 18, 19, 20, 22], "summary": {"covered_lines": 8, "num_statements": 8, "percent_covered": 100.0, "percent_covered_display": "100", "missing_lines": 0, "excluded_lines": 0, "percent_statements_covered": 100.0, "percent_statements_covered_display": "100"}, "missing_lines": [], "excluded_lines": [], "start_line": 1}}, "classes": {"Issue": {"executed_lines": [28], "summary": {"covered_lines": 1, "num_statements": 1, "percent_covered": 100.0, "percent_covered_display": "100", "missing_lines": 0, "excluded_lines": 0, "percent_statements_covered": 100.0, "percent_statements_covered_display": "100"}, "missing_lines": [], "excluded_lines": [], "start_line": 7}, "": {"executed_lines": [3, 6, 7, 17, 18, 19, 20, 22], "summary": {"covered_lines": 8, "num_statements": 8, "percent_covered": 100.0, "percent_covered_display": "100", "missing_lines": 0, "excluded_lines": 0, "percent_statements_covered": 100.0, "percent_statements_covered_display": "100"}, "missing_lines": [], "excluded_lines": [], "start_line": 1}}}}, "totals": {"covered_lines": 175, "num_statements": 175, "percent_covered": 100.0, "percent_covered_display": "100", "missing_lines": 0, "excluded_lines": 4, "percent_statements_covered": 100.0, "percent_statements_covered_display": "100"}}